<?xml version="1.0" encoding="UTF-8"?>
<!-- Generated by org.testng.reporters.JUnitReportReporter -->
<testsuite hostname="KinaBholi" failures="0" tests="4" name="api.test.UserTests" time="9.701" errors="0" timestamp="2023-08-06T23:26:43 NPT" skipped="0">
  <testcase classname="api.test.UserTests" name="createUser" time="3.749"/>
  <testcase classname="api.test.UserTests" name="getUserByName" time="1.421"/>
  <testcase classname="api.test.UserTests" name="testPutUser" time="2.934"/>
  <testcase classname="api.test.UserTests" name="deleteUserByName" time="1.597"/>
</testsuite> <!-- api.test.UserTests -->
