<?xml version="1.0" encoding="UTF-8"?>
<!-- Generated by org.testng.reporters.JUnitReportReporter -->
<testsuite hostname="KinaBholi" failures="0" tests="6" name="api.test.DDTests" time="8.825" errors="0" timestamp="2023-08-06T23:26:43 NPT" skipped="0">
  <testcase classname="api.test.DDTests" name="testPostUser" time="1.392"/>
  <testcase classname="api.test.DDTests" name="testPostUser" time="1.365"/>
  <testcase classname="api.test.DDTests" name="testPostUser" time="1.546"/>
  <testcase classname="api.test.DDTests" name="testDeleteUserByName" time="1.513"/>
  <testcase classname="api.test.DDTests" name="testDeleteUserByName" time="1.486"/>
  <testcase classname="api.test.DDTests" name="testDeleteUserByName" time="1.523"/>
</testsuite> <!-- api.test.DDTests -->
